Determining if the pthread_create exist failed with the following output:
Change Dir: /home/lilelr/firmament/build/third_party/flowlessly/src/flowlessly-build/third_party/gtest/src/gtest-build/CMakeFiles/CMakeTmp

Run Build Command:/usr/bin/make "cmTryCompileExec2217243169/fast"
make[6]: Entering directory `/home/lilelr/firmament/build/third_party/flowlessly/src/flowlessly-build/third_party/gtest/src/gtest-build/CMakeFiles/CMakeTmp'
/usr/bin/make -f CMakeFiles/cmTryCompileExec2217243169.dir/build.make CMakeFiles/cmTryCompileExec2217243169.dir/build
make[7]: Entering directory `/home/lilelr/firmament/build/third_party/flowlessly/src/flowlessly-build/third_party/gtest/src/gtest-build/CMakeFiles/CMakeTmp'
/usr/bin/cmake -E cmake_progress_report /home/lilelr/firmament/build/third_party/flowlessly/src/flowlessly-build/third_party/gtest/src/gtest-build/CMakeFiles/CMakeTmp/CMakeFiles 1
Building C object CMakeFiles/cmTryCompileExec2217243169.dir/CheckSymbolExists.c.o
/usr/bin/cc    -o CMakeFiles/cmTryCompileExec2217243169.dir/CheckSymbolExists.c.o   -c /home/lilelr/firmament/build/third_party/flowlessly/src/flowlessly-build/third_party/gtest/src/gtest-build/CMakeFiles/CMakeTmp/CheckSymbolExists.c
Linking C executable cmTryCompileExec2217243169
/usr/bin/cmake -E cmake_link_script CMakeFiles/cmTryCompileExec2217243169.dir/link.txt --verbose=1
/usr/bin/cc       CMakeFiles/cmTryCompileExec2217243169.dir/CheckSymbolExists.c.o  -o cmTryCompileExec2217243169 -rdynamic 
CMakeFiles/cmTryCompileExec2217243169.dir/CheckSymbolExists.c.o: In function `main':
CheckSymbolExists.c:(.text+0x16): undefined reference to `pthread_create'
collect2: error: ld returned 1 exit status
make[7]: *** [cmTryCompileExec2217243169] Error 1
make[7]: Leaving directory `/home/lilelr/firmament/build/third_party/flowlessly/src/flowlessly-build/third_party/gtest/src/gtest-build/CMakeFiles/CMakeTmp'
make[6]: Leaving directory `/home/lilelr/firmament/build/third_party/flowlessly/src/flowlessly-build/third_party/gtest/src/gtest-build/CMakeFiles/CMakeTmp'
make[6]: *** [cmTryCompileExec2217243169/fast] Error 2

File /home/lilelr/firmament/build/third_party/flowlessly/src/flowlessly-build/third_party/gtest/src/gtest-build/CMakeFiles/CMakeTmp/CheckSymbolExists.c:
/* */
#include <pthread.h>

int main(int argc, char** argv)
{
  (void)argv;
#ifndef pthread_create
  return ((int*)(&pthread_create))[argc];
#else
  (void)argc;
  return 0;
#endif
}

Determining if the function pthread_create exists in the pthreads failed with the following output:
Change Dir: /home/lilelr/firmament/build/third_party/flowlessly/src/flowlessly-build/third_party/gtest/src/gtest-build/CMakeFiles/CMakeTmp

Run Build Command:/usr/bin/make "cmTryCompileExec3077914638/fast"
make[6]: Entering directory `/home/lilelr/firmament/build/third_party/flowlessly/src/flowlessly-build/third_party/gtest/src/gtest-build/CMakeFiles/CMakeTmp'
/usr/bin/make -f CMakeFiles/cmTryCompileExec3077914638.dir/build.make CMakeFiles/cmTryCompileExec3077914638.dir/build
make[7]: Entering directory `/home/lilelr/firmament/build/third_party/flowlessly/src/flowlessly-build/third_party/gtest/src/gtest-build/CMakeFiles/CMakeTmp'
/usr/bin/cmake -E cmake_progress_report /home/lilelr/firmament/build/third_party/flowlessly/src/flowlessly-build/third_party/gtest/src/gtest-build/CMakeFiles/CMakeTmp/CMakeFiles 1
Building C object CMakeFiles/cmTryCompileExec3077914638.dir/CheckFunctionExists.c.o
/usr/bin/cc   -DCHECK_FUNCTION_EXISTS=pthread_create   -o CMakeFiles/cmTryCompileExec3077914638.dir/CheckFunctionExists.c.o   -c /usr/share/cmake-2.8/Modules/CheckFunctionExists.c
Linking C executable cmTryCompileExec3077914638
/usr/bin/cmake -E cmake_link_script CMakeFiles/cmTryCompileExec3077914638.dir/link.txt --verbose=1
/usr/bin/cc   -DCHECK_FUNCTION_EXISTS=pthread_create    CMakeFiles/cmTryCompileExec3077914638.dir/CheckFunctionExists.c.o  -o cmTryCompileExec3077914638 -rdynamic -lpthreads 
/usr/bin/ld: cannot find -lpthreads
collect2: error: ld returned 1 exit status
make[7]: *** [cmTryCompileExec3077914638] Error 1
make[7]: Leaving directory `/home/lilelr/firmament/build/third_party/flowlessly/src/flowlessly-build/third_party/gtest/src/gtest-build/CMakeFiles/CMakeTmp'
make[6]: *** [cmTryCompileExec3077914638/fast] Error 2
make[6]: Leaving directory `/home/lilelr/firmament/build/third_party/flowlessly/src/flowlessly-build/third_party/gtest/src/gtest-build/CMakeFiles/CMakeTmp'


