Compiling the CXX compiler identification source file "CMakeCXXCompilerId.cpp" failed.
Compiler: /usr/bin/c++ 
Build flags: "-fPIC"
Id flags: 

The output was:
1
c++: error: "-fPIC": No such file or directory


Compiling the CXX compiler identification source file "CMakeCXXCompilerId.cpp" failed.
Compiler: /usr/bin/c++ 
Build flags: "-fPIC"
Id flags: -c

The output was:
1
c++: error: "-fPIC": No such file or directory


Checking whether the CXX compiler is IAR using "" did not match "IAR .+ Compiler":
c++: error: "-fPIC": No such file or directory
c++: fatal error: no input files
compilation terminated.
Determining if the pthread_create exist failed with the following output:
Change Dir: /home/lilelr/firmament/build/third_party/protobuf3/src/protobuf3-build/CMakeFiles/CMakeTmp

Run Build Command:/usr/bin/make "cmTryCompileExec1831884249/fast"
make[3]: Entering directory `/home/lilelr/firmament/build/third_party/protobuf3/src/protobuf3-build/CMakeFiles/CMakeTmp'
/usr/bin/make -f CMakeFiles/cmTryCompileExec1831884249.dir/build.make CMakeFiles/cmTryCompileExec1831884249.dir/build
make[4]: Entering directory `/home/lilelr/firmament/build/third_party/protobuf3/src/protobuf3-build/CMakeFiles/CMakeTmp'
/usr/bin/cmake -E cmake_progress_report /home/lilelr/firmament/build/third_party/protobuf3/src/protobuf3-build/CMakeFiles/CMakeTmp/CMakeFiles 1
Building C object CMakeFiles/cmTryCompileExec1831884249.dir/CheckSymbolExists.c.o
/usr/bin/cc    -o CMakeFiles/cmTryCompileExec1831884249.dir/CheckSymbolExists.c.o   -c /home/lilelr/firmament/build/third_party/protobuf3/src/protobuf3-build/CMakeFiles/CMakeTmp/CheckSymbolExists.c
Linking C executable cmTryCompileExec1831884249
/usr/bin/cmake -E cmake_link_script CMakeFiles/cmTryCompileExec1831884249.dir/link.txt --verbose=1
/usr/bin/cc       CMakeFiles/cmTryCompileExec1831884249.dir/CheckSymbolExists.c.o  -o cmTryCompileExec1831884249 -rdynamic 
CMakeFiles/cmTryCompileExec1831884249.dir/CheckSymbolExists.c.o: In function `main':
CheckSymbolExists.c:(.text+0x16): undefined reference to `pthread_create'
collect2: error: ld returned 1 exit status
make[4]: Leaving directory `/home/lilelr/firmament/build/third_party/protobuf3/src/protobuf3-build/CMakeFiles/CMakeTmp'
make[4]: *** [cmTryCompileExec1831884249] Error 1
make[3]: Leaving directory `/home/lilelr/firmament/build/third_party/protobuf3/src/protobuf3-build/CMakeFiles/CMakeTmp'
make[3]: *** [cmTryCompileExec1831884249/fast] Error 2

File /home/lilelr/firmament/build/third_party/protobuf3/src/protobuf3-build/CMakeFiles/CMakeTmp/CheckSymbolExists.c:
/* */
#include <pthread.h>

int main(int argc, char** argv)
{
  (void)argv;
#ifndef pthread_create
  return ((int*)(&pthread_create))[argc];
#else
  (void)argc;
  return 0;
#endif
}

Determining if the function pthread_create exists in the pthreads failed with the following output:
Change Dir: /home/lilelr/firmament/build/third_party/protobuf3/src/protobuf3-build/CMakeFiles/CMakeTmp

Run Build Command:/usr/bin/make "cmTryCompileExec2154721408/fast"
make[3]: Entering directory `/home/lilelr/firmament/build/third_party/protobuf3/src/protobuf3-build/CMakeFiles/CMakeTmp'
/usr/bin/make -f CMakeFiles/cmTryCompileExec2154721408.dir/build.make CMakeFiles/cmTryCompileExec2154721408.dir/build
make[4]: Entering directory `/home/lilelr/firmament/build/third_party/protobuf3/src/protobuf3-build/CMakeFiles/CMakeTmp'
/usr/bin/cmake -E cmake_progress_report /home/lilelr/firmament/build/third_party/protobuf3/src/protobuf3-build/CMakeFiles/CMakeTmp/CMakeFiles 1
Building C object CMakeFiles/cmTryCompileExec2154721408.dir/CheckFunctionExists.c.o
/usr/bin/cc   -DCHECK_FUNCTION_EXISTS=pthread_create   -o CMakeFiles/cmTryCompileExec2154721408.dir/CheckFunctionExists.c.o   -c /usr/share/cmake-2.8/Modules/CheckFunctionExists.c
Linking C executable cmTryCompileExec2154721408
/usr/bin/cmake -E cmake_link_script CMakeFiles/cmTryCompileExec2154721408.dir/link.txt --verbose=1
/usr/bin/cc   -DCHECK_FUNCTION_EXISTS=pthread_create    CMakeFiles/cmTryCompileExec2154721408.dir/CheckFunctionExists.c.o  -o cmTryCompileExec2154721408 -rdynamic -lpthreads 
/usr/bin/ld: cannot find -lpthreads
collect2: error: ld returned 1 exit status
make[4]: Leaving directory `/home/lilelr/firmament/build/third_party/protobuf3/src/protobuf3-build/CMakeFiles/CMakeTmp'
make[4]: *** [cmTryCompileExec2154721408] Error 1
make[3]: Leaving directory `/home/lilelr/firmament/build/third_party/protobuf3/src/protobuf3-build/CMakeFiles/CMakeTmp'
make[3]: *** [cmTryCompileExec2154721408/fast] Error 2


