Determining if the pthread_create exist failed with the following output:
Change Dir: /home/lilelr/firmament/build/third_party/gtest/src/gtest-build/CMakeFiles/CMakeTmp

Run Build Command:/usr/bin/make "cmTryCompileExec2889652386/fast"
make[3]: Entering directory `/home/lilelr/firmament/build/third_party/gtest/src/gtest-build/CMakeFiles/CMakeTmp'
/usr/bin/make -f CMakeFiles/cmTryCompileExec2889652386.dir/build.make CMakeFiles/cmTryCompileExec2889652386.dir/build
make[4]: Entering directory `/home/lilelr/firmament/build/third_party/gtest/src/gtest-build/CMakeFiles/CMakeTmp'
/usr/bin/cmake -E cmake_progress_report /home/lilelr/firmament/build/third_party/gtest/src/gtest-build/CMakeFiles/CMakeTmp/CMakeFiles 1
Building C object CMakeFiles/cmTryCompileExec2889652386.dir/CheckSymbolExists.c.o
/usr/bin/cc    -o CMakeFiles/cmTryCompileExec2889652386.dir/CheckSymbolExists.c.o   -c /home/lilelr/firmament/build/third_party/gtest/src/gtest-build/CMakeFiles/CMakeTmp/CheckSymbolExists.c
Linking C executable cmTryCompileExec2889652386
/usr/bin/cmake -E cmake_link_script CMakeFiles/cmTryCompileExec2889652386.dir/link.txt --verbose=1
/usr/bin/cc       CMakeFiles/cmTryCompileExec2889652386.dir/CheckSymbolExists.c.o  -o cmTryCompileExec2889652386 -rdynamic 
CMakeFiles/cmTryCompileExec2889652386.dir/CheckSymbolExists.c.o: In function `main':
CheckSymbolExists.c:(.text+0x16): undefined reference to `pthread_create'
collect2: error: ld returned 1 exit status
make[4]: Leaving directory `/home/lilelr/firmament/build/third_party/gtest/src/gtest-build/CMakeFiles/CMakeTmp'
make[4]: *** [cmTryCompileExec2889652386] Error 1
make[3]: *** [cmTryCompileExec2889652386/fast] Error 2
make[3]: Leaving directory `/home/lilelr/firmament/build/third_party/gtest/src/gtest-build/CMakeFiles/CMakeTmp'

File /home/lilelr/firmament/build/third_party/gtest/src/gtest-build/CMakeFiles/CMakeTmp/CheckSymbolExists.c:
/* */
#include <pthread.h>

int main(int argc, char** argv)
{
  (void)argv;
#ifndef pthread_create
  return ((int*)(&pthread_create))[argc];
#else
  (void)argc;
  return 0;
#endif
}

Determining if the function pthread_create exists in the pthreads failed with the following output:
Change Dir: /home/lilelr/firmament/build/third_party/gtest/src/gtest-build/CMakeFiles/CMakeTmp

Run Build Command:/usr/bin/make "cmTryCompileExec3556138507/fast"
make[3]: Entering directory `/home/lilelr/firmament/build/third_party/gtest/src/gtest-build/CMakeFiles/CMakeTmp'
/usr/bin/make -f CMakeFiles/cmTryCompileExec3556138507.dir/build.make CMakeFiles/cmTryCompileExec3556138507.dir/build
make[4]: Entering directory `/home/lilelr/firmament/build/third_party/gtest/src/gtest-build/CMakeFiles/CMakeTmp'
/usr/bin/cmake -E cmake_progress_report /home/lilelr/firmament/build/third_party/gtest/src/gtest-build/CMakeFiles/CMakeTmp/CMakeFiles 1
Building C object CMakeFiles/cmTryCompileExec3556138507.dir/CheckFunctionExists.c.o
/usr/bin/cc   -DCHECK_FUNCTION_EXISTS=pthread_create   -o CMakeFiles/cmTryCompileExec3556138507.dir/CheckFunctionExists.c.o   -c /usr/share/cmake-2.8/Modules/CheckFunctionExists.c
Linking C executable cmTryCompileExec3556138507
/usr/bin/cmake -E cmake_link_script CMakeFiles/cmTryCompileExec3556138507.dir/link.txt --verbose=1
/usr/bin/cc   -DCHECK_FUNCTION_EXISTS=pthread_create    CMakeFiles/cmTryCompileExec3556138507.dir/CheckFunctionExists.c.o  -o cmTryCompileExec3556138507 -rdynamic -lpthreads 
/usr/bin/ld: cannot find -lpthreads
collect2: error: ld returned 1 exit status
make[4]: *** [cmTryCompileExec3556138507] Error 1
make[4]: Leaving directory `/home/lilelr/firmament/build/third_party/gtest/src/gtest-build/CMakeFiles/CMakeTmp'
make[3]: *** [cmTryCompileExec3556138507/fast] Error 2
make[3]: Leaving directory `/home/lilelr/firmament/build/third_party/gtest/src/gtest-build/CMakeFiles/CMakeTmp'


